[debug] [2023-05-25T20:04:47.863Z] ----------------------------------------------------------------------
[debug] [2023-05-25T20:04:47.868Z] Command:       D:\Programs All\NodeJS\node.exe C:\Users\asadv\AppData\Roaming\npm\node_modules\firebase-tools\lib\bin\firebase.js init
[debug] [2023-05-25T20:04:47.869Z] CLI Version:   11.30.0
[debug] [2023-05-25T20:04:47.869Z] Platform:      win32
[debug] [2023-05-25T20:04:47.870Z] Node Version:  v19.8.1
[debug] [2023-05-25T20:04:47.870Z] Time:          Fri May 26 2023 02:04:47 GMT+0600 (Bangladesh Standard Time)
[debug] [2023-05-25T20:04:47.870Z] ----------------------------------------------------------------------
[debug] 
[debug] [2023-05-25T20:04:47.898Z] >>> [apiv2][query] GET https://firebase-public.firebaseio.com/cli.json [none]
[debug] [2023-05-25T20:04:48.103Z] > command requires scopes: ["email","openid","https://www.googleapis.com/auth/cloudplatformprojects.readonly","https://www.googleapis.com/auth/firebase","https://www.googleapis.com/auth/cloud-platform"]
[debug] [2023-05-25T20:04:48.104Z] > authorizing via signed-in user (asadvriya@gmail.com)
[info] 
     ######## #### ########  ######## ########     ###     ######  ########
     ##        ##  ##     ## ##       ##     ##  ##   ##  ##       ##
     ######    ##  ########  ######   ########  #########  ######  ######
     ##        ##  ##    ##  ##       ##     ## ##     ##       ## ##
     ##       #### ##     ## ######## ########  ##     ##  ######  ########

You're about to initialize a Firebase project in this directory:

  F:\Projects\trulrn

[debug] [2023-05-25T20:04:48.876Z] <<< [apiv2][status] GET https://firebase-public.firebaseio.com/cli.json 200
[debug] [2023-05-25T20:04:48.878Z] <<< [apiv2][body] GET https://firebase-public.firebaseio.com/cli.json {"cloudBuildErrorAfter":1594252800000,"cloudBuildWarnAfter":1590019200000,"defaultNode10After":1594252800000,"minVersion":"3.0.5","node8DeploysDisabledAfter":1613390400000,"node8RuntimeDisabledAfter":1615809600000,"node8WarnAfter":1600128000000}
